#
# A fatal error has been detected by the Java Runtime Environment:
#
#  EXCEPTION_ACCESS_VIOLATION (0xc0000005) at pc=0x00007ff89933cfd1, pid=13212, tid=5552
#
# JRE version: OpenJDK Runtime Environment Temurin-17.0.4.1+1 (17.0.4.1+1) (build 17.0.4.1+1)
# Java VM: OpenJDK 64-Bit Server VM Temurin-17.0.4.1+1 (17.0.4.1+1, mixed mode, tiered, compressed oops, compressed class ptrs, parallel gc, windows-amd64)
# Problematic frame:
# V  [jvm.dll+0x6acfd1]
#
# No core dump will be written. Minidumps are not enabled by default on client versions of Windows
#
# If you would like to submit a bug report, please visit:
#   https://github.com/adoptium/adoptium-support/issues
#

---------------  S U M M A R Y ------------

Command Line: --add-modules=ALL-SYSTEM --add-opens=java.base/java.util=ALL-UNNAMED --add-opens=java.base/java.lang=ALL-UNNAMED --add-opens=java.base/sun.nio.fs=ALL-UNNAMED -Declipse.application=org.eclipse.jdt.ls.core.id1 -Dosgi.bundles.defaultStartLevel=4 -Declipse.product=org.eclipse.jdt.ls.core.product -Djava.import.generatesMetadataFilesAtProjectRoot=false -Dfile.encoding=utf8 -DwatchParentProcess=false -XX:+UseParallelGC -XX:GCTimeRatio=4 -XX:AdaptiveSizePolicyWeight=90 -Dsun.zip.disableMemoryMapping=true -Xmx1G -Xms100m -Xlog:disable -javaagent:c:\Users\ST\.vscode\extensions\redhat.java-1.11.0-win32-x64\lombok\lombok-1.18.24.jar -XX:+HeapDumpOnOutOfMemoryError -XX:HeapDumpPath=c:\Users\ST\AppData\Roaming\Code\User\workspaceStorage\c1f34f7875d073f7d3b6a0ca430f43a6\redhat.java c:\Users\ST\.vscode\extensions\redhat.java-1.11.0-win32-x64\server\plugins\org.eclipse.equinox.launcher_1.6.400.v20210924-0641.jar -configuration c:\Users\ST\AppData\Roaming\Code\User\globalStorage\redhat.java\1.11.0\config_win -data c:\Users\ST\AppData\Roaming\Code\User\workspaceStorage\c1f34f7875d073f7d3b6a0ca430f43a6\redhat.java\jdt_ws

Host: 12th Gen Intel(R) Core(TM) i7-12700, 20 cores, 31G,  Windows 10 , 64 bit Build 19041 (10.0.19041.928)
Time: Mon Oct 17 11:35:37 2022 Hora de verano central (México) elapsed time: 6.069919 seconds (0d 0h 0m 6s)

---------------  T H R E A D  ---------------

Current thread (0x0000020c972f7570):  GCTaskThread "GC Thread#3" [stack: 0x0000005226c00000,0x0000005226d00000] [id=5552]

Stack: [0x0000005226c00000,0x0000005226d00000],  sp=0x0000005226cff4e0,  free space=1021k
Native frames: (J=compiled Java code, j=interpreted, Vv=VM code, C=native code)
V  [jvm.dll+0x6acfd1]
V  [jvm.dll+0x6a8d5e]
V  [jvm.dll+0x6b335f]
V  [jvm.dll+0x6aeb47]
V  [jvm.dll+0x6812fe]
V  [jvm.dll+0x6b3236]
V  [jvm.dll+0x6b3a5b]
V  [jvm.dll+0x85f6bb]
V  [jvm.dll+0x85f706]
V  [jvm.dll+0x7e240a]
V  [jvm.dll+0x6761a5]
C  [ucrtbase.dll+0x21bb2]
C  [KERNEL32.DLL+0x17034]
C  [ntdll.dll+0x52651]


siginfo: EXCEPTION_ACCESS_VIOLATION (0xc0000005), reading address 0xffffffffffffffff


Register to memory mapping:

RIP=0x00007ff89933cfd1 jvm.dll
RAX=0x0000020cfc810000 points into unknown readable memory: 0x00000000c0000000 | 00 00 00 c0 00 00 00 00
RBX=0x00000000c0a616cc is pointing into object: java.lang.Class 
{0x00000000c0a616c8} - klass: 'java/lang/Class'
 - ---- fields (total size 15 words):
 - private volatile transient 'classRedefinedCount' 'I' @12  0
 - private volatile transient 'cachedConstructor' 'Ljava/lang/reflect/Constructor;' @40  NULL (0)
 - private transient 'name' 'Ljava/lang/String;' @44  NULL (0)
 - private transient 'module' 'Ljava/lang/Module;' @48  a 'java/lang/Module'{0x00000000c0676b48} (c0676b48)
 - private final 'classLoader' 'Ljava/lang/ClassLoader;' @52  NULL (0)
 - private transient 'classData' 'Ljava/lang/Object;' @56  NULL (0)
 - private transient 'packageName' 'Ljava/lang/String;' @60  NULL (0)
 - private final 'componentType' 'Ljava/lang/Class;' @64  NULL (0)
 - private volatile transient 'reflectionData' 'Ljava/lang/ref/SoftReference;' @68  NULL (0)
 - private volatile transient 'genericInfo' 'Lsun/reflect/generics/repository/ClassRepository;' @72  NULL (0)
 - private volatile transient 'enumConstants' '[Ljava/lang/Object;' @76  NULL (0)
 - private volatile transient 'enumConstantDirectory' 'Ljava/util/Map;' @80  NULL (0)
 - private volatile transient 'annotationData' 'Ljava/lang/Class$AnnotationData;' @84  NULL (0)
 - private volatile transient 'annotationType' 'Lsun/reflect/annotation/AnnotationType;' @88  NULL (0)
 - transient 'classValueMap' 'Ljava/lang/ClassValue$ClassValueMap;' @92  NULL (0)
 - signature: Lsun/nio/fs/WindowsPath$1;
 - fake entry for mirror: 'sun/nio/fs/WindowsPath$1'
 - fake entry for array: NULL
 - fake entry for oop_size: 15
 - fake entry for static_oop_field_count: 1
 - static final synthetic '$SwitchMap$sun$nio$fs$WindowsPathType' '[I' @112  [I{0x00000000c0b0b1c0} (c0b0b1c0)
RCX=0x00007ff899812d00 jvm.dll
RDX=0x000000000000006a is an unknown value
RSP=0x0000005226cff4e0 points into unknown readable memory: 0x0000000000000038 | 38 00 00 00 00 00 00 00
RBP=0x000000000000006a is an unknown value
RSI=0x00000000c0a61e70 is pointing into object: [Ljava.lang.Object; 
{0x00000000c0a61e48} - klass: 'java/lang/Object'[]
 - length: 9
RDI=0x0000000000010000 is an unknown value
R8 =0x0000020c94460090 points into unknown readable memory: 0x0000020cfeb49d40 | 40 9d b4 fe 0c 02 00 00
R9 =0x00009fffffff8800 is an unknown value
R10=0x0000020c94460090 points into unknown readable memory: 0x0000020cfeb49d40 | 40 9d b4 fe 0c 02 00 00
R11=0x0000020c94460090 points into unknown readable memory: 0x0000020cfeb49d40 | 40 9d b4 fe 0c 02 00 00
R12=0x00000001004d2dc8 is pointing into metadata
R13=0x00007ff899812d00 jvm.dll
R14=0x0000005226cff5c0 points into unknown readable memory: 0x00007ff89963e898 | 98 e8 63 99 f8 7f 00 00
R15=0x00000006130d3eb8 is an unknown value


Registers:
RAX=0x0000020cfc810000, RBX=0x00000000c0a616cc, RCX=0x00007ff899812d00, RDX=0x000000000000006a
RSP=0x0000005226cff4e0, RBP=0x000000000000006a, RSI=0x00000000c0a61e70, RDI=0x0000000000010000
R8 =0x0000020c94460090, R9 =0x00009fffffff8800, R10=0x0000020c94460090, R11=0x0000020c94460090
R12=0x00000001004d2dc8, R13=0x00007ff899812d00, R14=0x0000005226cff5c0, R15=0x00000006130d3eb8
RIP=0x00007ff89933cfd1, EFLAGS=0x0000000000010206

Top of Stack: (sp=0x0000005226cff4e0)
0x0000005226cff4e0:   0000000000000038 0000000000000000
0x0000005226cff4f0:   00000000e0273301 0000000004050000
0x0000005226cff500:   0000000100040ba0 000000000000000e
0x0000005226cff510:   00000000c0a61e70 00000000c0a616c8
0x0000005226cff520:   00000006130d3eb8 0000005226cff5c0
0x0000005226cff530:   00000000c1e61618 000000000000006a
0x0000005226cff540:   00000001004d3ff8 00007ff899338d5e
0x0000005226cff550:   0000000000000000 0000000000000007
0x0000005226cff560:   0000020c94460090 0000020cfc81a0a0
0x0000005226cff570:   0000005226cff6d0 00007ff899812cc0
0x0000005226cff580:   0000000000a40000 00000000003e0000
0x0000005226cff590:   0000000000a40000 00007ff89934335f
0x0000005226cff5a0:   00000000003cc2c3 00000000003e0000
0x0000005226cff5b0:   00000000003cc2c2 00000000003cc2c6
0x0000005226cff5c0:   00007ff89963e898 0000000000000000
0x0000005226cff5d0:   0000020c94460090 0000000000a40000 

Instructions: (pc=0x00007ff89933cfd1)
0x00007ff89933ced1:   5b a1 fb ff 48 8d 8d c8 02 00 00 e8 4f a1 fb ff
0x00007ff89933cee1:   48 8d 8d 98 02 00 00 e8 43 a1 fb ff 48 8d 8d 68
0x00007ff89933cef1:   02 00 00 e8 37 a1 fb ff 48 8d 4d f8 e8 ae a5 c2
0x00007ff89933cf01:   ff 48 8d 4d e8 e8 c5 23 1b 00 48 83 7d a0 00 75
0x00007ff89933cf11:   0e 48 83 7d a8 00 75 07 48 83 7d b0 00 74 5a 48
0x00007ff89933cf21:   8d 4c 24 20 e8 f6 39 14 00 48 8b 4d a0 0f 10 30
0x00007ff89933cf31:   48 85 c9 74 10 48 8b 01 48 8d 54 24 20 0f 29 74
0x00007ff89933cf41:   24 20 ff 50 08 48 8b 4d a8 48 85 c9 74 11 48 8b
0x00007ff89933cf51:   01 48 8d 54 24 20 66 0f 7f 74 24 20 ff 50 08 48
0x00007ff89933cf61:   8b 4d b0 48 85 c9 74 11 48 8b 01 48 8d 54 24 20
0x00007ff89933cf71:   66 0f 7f 74 24 20 ff 50 08 4c 8d 9c 24 80 04 00
0x00007ff89933cf81:   00 49 8b 5b 10 49 8b 7b 18 41 0f 28 73 f0 49 8b
0x00007ff89933cf91:   e3 5d c3 cc cc cc cc cc cc cc cc cc cc cc cc 4c
0x00007ff89933cfa1:   89 44 24 18 55 57 41 55 41 56 41 57 48 83 ec 40
0x00007ff89933cfb1:   48 8b c2 bf 00 00 01 00 48 2b 01 4d 8b d0 48 c1
0x00007ff89933cfc1:   e8 13 48 8b ea 4c 8b e9 4c 8d 0c 80 48 8b 41 18
0x00007ff89933cfd1:   4e 8b 34 c8 4e 8d 3c c8 46 8b 4c c8 1c 41 8b 47
0x00007ff89933cfe1:   18 41 81 e1 ff ff ff 07 4c 03 c8 4c 89 bc 24 88
0x00007ff89933cff1:   00 00 00 4c 89 74 24 70 4c 3b cf 75 18 48 c1 ed
0x00007ff89933d001:   03 0f b7 c5 49 8d 04 c6 48 83 c4 40 41 5f 41 5e
0x00007ff89933d011:   41 5d 5f 5d c3 41 0f b6 47 20 48 89 5c 24 38 84
0x00007ff89933d021:   c0 0f 85 13 01 00 00 48 2b 11 48 8b 05 e6 5c 4d
0x00007ff89933d031:   00 48 c1 ea 13 48 89 74 24 30 48 8d 0c 92 8b 74
0x00007ff89933d041:   c8 18 48 3b f7 0f 83 e5 00 00 00 48 63 0d e5 11
0x00007ff89933d051:   45 00 41 b8 07 00 00 00 4c 8b 35 d8 5c 4d 00 4c
0x00007ff89933d061:   2b c1 48 c1 e2 10 48 d3 ea 48 d3 ef 48 03 fa 48
0x00007ff89933d071:   d3 ee 4c 89 44 24 78 48 8d 0d 51 5c 4d 00 4c 8b
0x00007ff89933d081:   c7 48 03 d6 e8 76 3e fd ff 48 8b d8 48 3b c7 0f
0x00007ff89933d091:   83 8e 00 00 00 4c 8b 7c 24 78 4c 89 64 24 28 4c
0x00007ff89933d0a1:   8d 67 ff 0f 1f 40 00 0f 1f 84 00 00 00 00 00 48
0x00007ff89933d0b1:   8b d3 49 8b cf 48 d3 ea 49 3b d6 74 1b 8b 0d 74
0x00007ff89933d0c1:   11 45 00 4c 8b c6 48 8b 05 62 5c 4d 00 4c 8b f2 


Stack slot to memory mapping:
stack at sp + 0 slots: 0x0000000000000038 is an unknown value
stack at sp + 1 slots: 0x0 is NULL
stack at sp + 2 slots: 0x00000000e0273301 is an unallocated location in the heap
stack at sp + 3 slots: 0x0000000004050000 is an unknown value
stack at sp + 4 slots: 0x0000000100040ba0 is a pointer to class: 
stack at sp + 5 slots: 0x000000000000000e is an unknown value
stack at sp + 6 slots: 0x00000000c0a61e70 is pointing into object: [Ljava.lang.Object; 
{0x00000000c0a61e48} - klass: 'java/lang/Object'[]
 - length: 9
stack at sp + 7 slots: 0x00000000c0a616c8 is an oop: java.lang.Class 
{0x00000000c0a616c8} - klass: 'java/lang/Class'
 - ---- fields (total size 15 words):
 - private volatile transient 'classRedefinedCount' 'I' @12  0
 - private volatile transient 'cachedConstructor' 'Ljava/lang/reflect/Constructor;' @40  NULL (0)
 - private transient 'name' 'Ljava/lang/String;' @44  NULL (0)
 - private transient 'module' 'Ljava/lang/Module;' @48  a 'java/lang/Module'{0x00000000c0676b48} (c0676b48)
 - private final 'classLoader' 'Ljava/lang/ClassLoader;' @52  NULL (0)
 - private transient 'classData' 'Ljava/lang/Object;' @56  NULL (0)
 - private transient 'packageName' 'Ljava/lang/String;' @60  NULL (0)
 - private final 'componentType' 'Ljava/lang/Class;' @64  NULL (0)
 - private volatile transient 'reflectionData' 'Ljava/lang/ref/SoftReference;' @68  NULL (0)
 - private volatile transient 'genericInfo' 'Lsun/reflect/generics/repository/ClassRepository;' @72  NULL (0)
 - private volatile transient 'enumConstants' '[Ljava/lang/Object;' @76  NULL (0)
 - private volatile transient 'enumConstantDirectory' 'Ljava/util/Map;' @80  NULL (0)
 - private volatile transient 'annotationData' 'Ljava/lang/Class$AnnotationData;' @84  NULL (0)
 - private volatile transient 'annotationType' 'Lsun/reflect/annotation/AnnotationType;' @88  NULL (0)
 - transient 'classValueMap' 'Ljava/lang/ClassValue$ClassValueMap;' @92  NULL (0)
 - signature: Lsun/nio/fs/WindowsPath$1;
 - fake entry for mirror: 'sun/nio/fs/WindowsPath$1'
 - fake entry for array: NULL
 - fake entry for oop_size: 15
 - fake entry for static_oop_field_count: 1
 - static final synthetic '$SwitchMap$sun$nio$fs$WindowsPathType' '[I' @112  [I{0x00000000c0b0b1c0} (c0b0b1c0)


---------------  P R O C E S S  ---------------

Threads class SMR info:
_java_thread_list=0x0000020caade3e00, length=38, elements={
0x0000020cfe882a80, 0x0000020cfeb56630, 0x0000020c9453b140, 0x0000020cfeb580f0,
0x0000020cfeb58bb0, 0x0000020c94562660, 0x0000020c945636c0, 0x0000020c94567f50,
0x0000020c9456b410, 0x0000020c9456cc90, 0x0000020c9463b5c0, 0x0000020c94683df0,
0x0000020c946f16b0, 0x0000020c9475a640, 0x0000020c9475b2f0, 0x0000020c968750b0,
0x0000020c968b72d0, 0x0000020c969a2f50, 0x0000020c94838eb0, 0x0000020c96ddc110,
0x0000020c96ddc620, 0x0000020c96f47620, 0x0000020c974fb7f0, 0x0000020c97362f40,
0x0000020c973d8610, 0x0000020c97849800, 0x0000020c979eac90, 0x0000020c979ea2f0,
0x0000020c979e9480, 0x0000020c979ec4a0, 0x0000020c979e8ae0, 0x0000020c979e9e20,
0x0000020c979eb160, 0x0000020c9b421520, 0x0000020c9b424070, 0x0000020c97d713f0,
0x0000020c9b4283d0, 0x0000020c9b426bc0
}

Java Threads: ( => current thread )
  0x0000020cfe882a80 JavaThread "main" [_thread_blocked, id=13140, stack(0x0000005225100000,0x0000005225200000)]
  0x0000020cfeb56630 JavaThread "Reference Handler" daemon [_thread_blocked, id=8504, stack(0x0000005225400000,0x0000005225500000)]
  0x0000020c9453b140 JavaThread "Finalizer" daemon [_thread_blocked, id=5648, stack(0x0000005225500000,0x0000005225600000)]
  0x0000020cfeb580f0 JavaThread "Signal Dispatcher" daemon [_thread_blocked, id=5956, stack(0x0000005225600000,0x0000005225700000)]
  0x0000020cfeb58bb0 JavaThread "Attach Listener" daemon [_thread_blocked, id=12100, stack(0x0000005225700000,0x0000005225800000)]
  0x0000020c94562660 JavaThread "Service Thread" daemon [_thread_blocked, id=8820, stack(0x0000005225800000,0x0000005225900000)]
  0x0000020c945636c0 JavaThread "Monitor Deflation Thread" daemon [_thread_blocked, id=4092, stack(0x0000005225900000,0x0000005225a00000)]
  0x0000020c94567f50 JavaThread "C2 CompilerThread0" daemon [_thread_blocked, id=9136, stack(0x0000005225a00000,0x0000005225b00000)]
  0x0000020c9456b410 JavaThread "C1 CompilerThread0" daemon [_thread_blocked, id=13164, stack(0x0000005225b00000,0x0000005225c00000)]
  0x0000020c9456cc90 JavaThread "Sweeper thread" daemon [_thread_blocked, id=12748, stack(0x0000005225c00000,0x0000005225d00000)]
  0x0000020c9463b5c0 JavaThread "Common-Cleaner" daemon [_thread_blocked, id=12812, stack(0x0000005225d00000,0x0000005225e00000)]
  0x0000020c94683df0 JavaThread "C1 CompilerThread1" daemon [_thread_blocked, id=13188, stack(0x0000005225e00000,0x0000005225f00000)]
  0x0000020c946f16b0 JavaThread "C1 CompilerThread2" daemon [_thread_blocked, id=3448, stack(0x0000005225f00000,0x0000005226000000)]
  0x0000020c9475a640 JavaThread "C2 CompilerThread1" daemon [_thread_blocked, id=12660, stack(0x0000005226000000,0x0000005226100000)]
  0x0000020c9475b2f0 JavaThread "C2 CompilerThread2" daemon [_thread_blocked, id=9380, stack(0x0000005226100000,0x0000005226200000)]
  0x0000020c968750b0 JavaThread "C1 CompilerThread3" daemon [_thread_blocked, id=4116, stack(0x0000005226200000,0x0000005226300000)]
  0x0000020c968b72d0 JavaThread "Notification Thread" daemon [_thread_blocked, id=10348, stack(0x0000005226300000,0x0000005226400000)]
  0x0000020c969a2f50 JavaThread "C2 CompilerThread3" daemon [_thread_blocked, id=4292, stack(0x0000005226500000,0x0000005226600000)]
  0x0000020c94838eb0 JavaThread "C2 CompilerThread4" daemon [_thread_blocked, id=11120, stack(0x0000005226600000,0x0000005226700000)]
  0x0000020c96ddc110 JavaThread "C2 CompilerThread5" daemon [_thread_in_native, id=13092, stack(0x0000005226700000,0x0000005226800000)]
  0x0000020c96ddc620 JavaThread "C2 CompilerThread6" daemon [_thread_blocked, id=12912, stack(0x0000005226800000,0x0000005226900000)]
  0x0000020c96f47620 JavaThread "Active Thread: Equinox Container: e9d85d77-a99c-4682-a9d3-c4b1211454a6" [_thread_blocked, id=8652, stack(0x0000005226f00000,0x0000005227000000)]
  0x0000020c974fb7f0 JavaThread "Framework Event Dispatcher: Equinox Container: e9d85d77-a99c-4682-a9d3-c4b1211454a6" daemon [_thread_blocked, id=12548, stack(0x0000005227000000,0x0000005227100000)]
  0x0000020c97362f40 JavaThread "Start Level: Equinox Container: e9d85d77-a99c-4682-a9d3-c4b1211454a6" daemon [_thread_blocked, id=12896, stack(0x0000005227100000,0x0000005227200000)]
  0x0000020c973d8610 JavaThread "SCR Component Actor" daemon [_thread_blocked, id=12868, stack(0x0000005227200000,0x0000005227300000)]
  0x0000020c97849800 JavaThread "SCR Component Registry" daemon [_thread_blocked, id=9168, stack(0x0000005227500000,0x0000005227600000)]
  0x0000020c979eac90 JavaThread "Bundle File Closer" daemon [_thread_blocked, id=12252, stack(0x0000005227600000,0x0000005227700000)]
  0x0000020c979ea2f0 JavaThread "Worker-JM" [_thread_blocked, id=720, stack(0x0000005227800000,0x0000005227900000)]
  0x0000020c979e9480 JavaThread "Worker-0: Initialize workspace" [_thread_blocked, id=12900, stack(0x0000005227d00000,0x0000005227e00000)]
  0x0000020c979ec4a0 JavaThread "Worker-1" [_thread_blocked, id=7012, stack(0x0000005227e00000,0x0000005227f00000)]
  0x0000020c979e8ae0 JavaThread "Worker-2: Building" [_thread_blocked, id=8776, stack(0x0000005228100000,0x0000005228200000)]
  0x0000020c979e9e20 JavaThread "Java indexing" daemon [_thread_blocked, id=13284, stack(0x0000005228200000,0x0000005228300000)]
  0x0000020c979eb160 JavaThread "pool-1-thread-1" [_thread_in_native, id=11360, stack(0x0000005228300000,0x0000005228400000)]
  0x0000020c9b421520 JavaThread "Worker-3" [_thread_blocked, id=2432, stack(0x0000005228400000,0x0000005228500000)]
  0x0000020c9b424070 JavaThread "ForkJoinPool.commonPool-worker-1" daemon [_thread_blocked, id=13180, stack(0x0000005226900000,0x0000005226a00000)]
  0x0000020c97d713f0 JavaThread "C2 CompilerThread7" daemon [_thread_in_native, id=11492, stack(0x0000005228500000,0x0000005228600000)]
  0x0000020c9b4283d0 JavaThread "ForkJoinPool.commonPool-worker-2" daemon [_thread_blocked, id=4776, stack(0x0000005228600000,0x0000005228700000)]
  0x0000020c9b426bc0 JavaThread "ForkJoinPool.commonPool-worker-3" daemon [_thread_blocked, id=4584, stack(0x0000005228700000,0x0000005228800000)]

Other Threads:
  0x0000020cfe95ed10 VMThread "VM Thread" [stack: 0x0000005225300000,0x0000005225400000] [id=13088]
  0x0000020c9687d460 WatcherThread [stack: 0x0000005226400000,0x0000005226500000] [id=12752]
  0x0000020cfe896890 GCTaskThread "GC Thread#0" [stack: 0x0000005225200000,0x0000005225300000] [id=13112]
  0x0000020c96af03b0 GCTaskThread "GC Thread#1" [stack: 0x0000005226a00000,0x0000005226b00000] [id=12932]
  0x0000020c96af0660 GCTaskThread "GC Thread#2" [stack: 0x0000005226b00000,0x0000005226c00000] [id=10284]
=>0x0000020c972f7570 GCTaskThread "GC Thread#3" [stack: 0x0000005226c00000,0x0000005226d00000] [id=5552]
  0x0000020c972f7820 GCTaskThread "GC Thread#4" [stack: 0x0000005226d00000,0x0000005226e00000] [id=10068]
  0x0000020c972f7ad0 GCTaskThread "GC Thread#5" [stack: 0x0000005226e00000,0x0000005226f00000] [id=328]
  0x0000020c97363f80 GCTaskThread "GC Thread#6" [stack: 0x0000005227300000,0x0000005227400000] [id=12904]
  0x0000020c9747c100 GCTaskThread "GC Thread#7" [stack: 0x0000005227400000,0x0000005227500000] [id=5236]
  0x0000020c9729a7f0 GCTaskThread "GC Thread#8" [stack: 0x0000005227700000,0x0000005227800000] [id=6424]
  0x0000020c97acbb50 GCTaskThread "GC Thread#9" [stack: 0x0000005227900000,0x0000005227a00000] [id=3712]
  0x0000020c97acb340 GCTaskThread "GC Thread#10" [stack: 0x0000005227a00000,0x0000005227b00000] [id=11336]
  0x0000020c97accb70 GCTaskThread "GC Thread#11" [stack: 0x0000005227b00000,0x0000005227c00000] [id=11588]
  0x0000020c97acbe00 GCTaskThread "GC Thread#12" [stack: 0x0000005227c00000,0x0000005227d00000] [id=3112]
  0x0000020c97acb8a0 GCTaskThread "GC Thread#13" [stack: 0x0000005227f00000,0x0000005228000000] [id=13152]
  0x0000020c97acce20 GCTaskThread "GC Thread#14" [stack: 0x0000005228000000,0x0000005228100000] [id=13148]

Threads with active compile tasks:
C2 CompilerThread0     6086 11589       4       org.eclipse.jdt.internal.compiler.lookup.BinaryTypeBinding::scanMethodForNullAnnotation (951 bytes)
C2 CompilerThread1     6086 11669 %     4       org.apache.maven.repository.internal.ArtifactDescriptorReaderDelegate::populateResult @ 126 (426 bytes)
C2 CompilerThread2     6086 11702       4       org.eclipse.aether.internal.impl.collect.CachingArtifactTypeRegistry::get (43 bytes)
C2 CompilerThread3     6086 11691       4       org.apache.maven.model.io.xpp3.MavenXpp3Reader::parseModel (1591 bytes)
C2 CompilerThread4     6086 11705  s!   4       java.io.FileDescriptor::closeAll (163 bytes)
C2 CompilerThread5     6086 11397 %     4       org.eclipse.jdt.internal.compiler.lookup.BinaryTypeBinding::createMethod @ 222 (1719 bytes)
C2 CompilerThread6     6086 11697   !   4       java.util.AbstractMap::equals (148 bytes)
C2 CompilerThread7     6086 11527   !   4       org.apache.maven.model.building.DefaultModelBuilder::importDependencyManagement (1095 bytes)

VM state: at safepoint (normal execution)

VM Mutex/Monitor currently owned by a thread:  ([mutex/lock_event])
[0x0000020cfe87ddf0] Threads_lock - owner thread: 0x0000020cfe95ed10
[0x0000020cfe87cfe0] Heap_lock - owner thread: 0x0000020c979e8ae0

Heap address: 0x00000000c0000000, size: 1024 MB, Compressed Oops mode: 32-bit

CDS archive(s) not mapped
Compressed class space mapped at: 0x0000000100000000-0x0000000140000000, reserved size: 1073741824
Narrow klass base: 0x0000000000000000, Narrow klass shift: 3, Narrow klass range: 0x140000000

GC Precious Log:
 CPUs: 20 total, 20 available
 Memory: 32509M
 Large Page Support: Disabled
 NUMA Support: Disabled
 Compressed Oops: Enabled (32-bit)
 Alignments: Space 512K, Generation 512K, Heap 2M
 Heap Min Capacity: 100M
 Heap Initial Capacity: 100M
 Heap Max Capacity: 1G
 Pre-touch: Disabled
 Parallel Workers: 15

Heap:
 PSYoungGen      total 4096K, used 512K [0x00000000eab00000, 0x00000000eb000000, 0x0000000100000000)
  eden space 3072K, 0% used [0x00000000eab00000,0x00000000eab00000,0x00000000eae00000)
  from space 1024K, 50% used [0x00000000eae00000,0x00000000eae80000,0x00000000eaf00000)
  to   space 1024K, 0% used [0x00000000eaf00000,0x00000000eaf00000,0x00000000eb000000)
 ParOldGen       total 118784K, used 118464K [0x00000000c0000000, 0x00000000c7400000, 0x00000000eab00000)
  object space 118784K, 99% used [0x00000000c0000000,0x00000000c73b03b8,0x00000000c7400000)
 Metaspace       used 63438K, committed 64576K, reserved 1114112K
  class space    used 6526K, committed 7040K, reserved 1048576K

Card table byte_map: [0x0000020cfe240000,0x0000020cfe450000] _byte_map_base: 0x0000020cfdc40000

Marking Bits: (ParMarkBitMap*) 0x00007ff899812cc0
 Begin Bits: [0x0000020c91bc0000, 0x0000020c92bc0000)
 End Bits:   [0x0000020c92bc0000, 0x0000020c93bc0000)

Polling page: 0x0000020cfc7e0000

Metaspace:

Usage:
  Non-class:     55.58 MB used.
      Class:      6.37 MB used.
       Both:     61.95 MB used.

Virtual space:
  Non-class space:       64.00 MB reserved,      56.19 MB ( 88%) committed,  8 nodes.
      Class space:        1.00 GB reserved,       6.88 MB ( <1%) committed,  1 nodes.
             Both:        1.06 GB reserved,      63.06 MB (  6%) committed. 

Chunk freelists:
   Non-Class:  3.53 MB
       Class:  1.01 MB
        Both:  4.54 MB

MaxMetaspaceSize: unlimited
CompressedClassSpaceSize: 1.00 GB
Initial GC threshold: 21.00 MB
Current GC threshold: 105.00 MB
CDS: off
MetaspaceReclaimPolicy: balanced
 - commit_granule_bytes: 65536.
 - commit_granule_words: 8192.
 - virtual_space_node_default_size: 1048576.
 - enlarge_chunks_in_place: 1.
 - new_chunks_are_fully_committed: 0.
 - uncommit_free_chunks: 1.
 - use_allocation_guard: 0.
 - handle_deallocations: 1.


Internal statistics:

num_allocs_failed_limit: 9.
num_arena_births: 732.
num_arena_deaths: 14.
num_vsnodes_births: 9.
num_vsnodes_deaths: 0.
num_space_committed: 1009.
num_space_uncommitted: 0.
num_chunks_returned_to_freelist: 23.
num_chunks_taken_from_freelist: 3180.
num_chunk_merges: 10.
num_chunk_splits: 2058.
num_chunks_enlarged: 1299.
num_purges: 2.
num_inconsistent_stats: 0.

CodeHeap 'non-profiled nmethods': size=119168Kb used=9022Kb max_used=9022Kb free=110146Kb
 bounds [0x0000020c8a760000, 0x0000020c8b030000, 0x0000020c91bc0000]
CodeHeap 'profiled nmethods': size=119104Kb used=21309Kb max_used=21309Kb free=97794Kb
 bounds [0x0000020c83310000, 0x0000020c847f0000, 0x0000020c8a760000]
CodeHeap 'non-nmethods': size=7488Kb used=3026Kb max_used=3139Kb free=4461Kb
 bounds [0x0000020c82bc0000, 0x0000020c82ef0000, 0x0000020c83310000]
 total_blobs=10457 nmethods=9786 adapters=580
 compilation: enabled
              stopped_count=0, restarted_count=0
 full_count=0

Compilation events (20 events):
Event: 6.015 Thread 0x0000020c96ddc620 nmethod 11689 0x0000020c8b02ad90 code [0x0000020c8b02af20, 0x0000020c8b02b348]
Event: 6.015 Thread 0x0000020c94683df0 nmethod 11692 0x0000020c847d7490 code [0x0000020c847d7e20, 0x0000020c847dc778]
Event: 6.017 Thread 0x0000020c96ddc620 11697   !   4       java.util.AbstractMap::equals (148 bytes)
Event: 6.019 Thread 0x0000020c9475b2f0 nmethod 11696 0x0000020c8b02b690 code [0x0000020c8b02b840, 0x0000020c8b02c378]
Event: 6.021 Thread 0x0000020c9475b2f0 11698       4       java.util.regex.Pattern$CharProperty::match (71 bytes)
Event: 6.021 Thread 0x0000020c94683df0 11699       3       org.apache.maven.model.validation.DefaultModelValidator::validateDependencyVersion (25 bytes)
Event: 6.021 Thread 0x0000020c94683df0 nmethod 11699 0x0000020c847de210 code [0x0000020c847de3c0, 0x0000020c847de5b8]
Event: 6.022 Thread 0x0000020c94838eb0 11700       4       org.eclipse.aether.graph.Dependency::<init> (13 bytes)
Event: 6.024 Thread 0x0000020c9475b2f0 nmethod 11698 0x0000020c8b02c710 code [0x0000020c8b02c900, 0x0000020c8b02ced8]
Event: 6.025 Thread 0x0000020c9456b410 11701       1       org.apache.maven.model.Extension::setVersion (6 bytes)
Event: 6.025 Thread 0x0000020c9456b410 nmethod 11701 0x0000020c8b02d610 code [0x0000020c8b02d7a0, 0x0000020c8b02d878]
Event: 6.027 Thread 0x0000020c9475b2f0 11702       4       org.eclipse.aether.internal.impl.collect.CachingArtifactTypeRegistry::get (43 bytes)
Event: 6.030 Thread 0x0000020c94838eb0 nmethod 11700 0x0000020c8b02d910 code [0x0000020c8b02db00, 0x0000020c8b02e268]
Event: 6.030 Thread 0x0000020c94838eb0 11703   !   4       java.io.StringReader::read (105 bytes)
Event: 6.031 Thread 0x0000020c94683df0 11704   !   3       org.apache.maven.repository.internal.DefaultModelResolver::resolveModel (242 bytes)
Event: 6.034 Thread 0x0000020c94683df0 nmethod 11704 0x0000020c847de710 code [0x0000020c847deb60, 0x0000020c847e0a08]
Event: 6.035 Thread 0x0000020c94838eb0 nmethod 11703 0x0000020c8b02e990 code [0x0000020c8b02eb20, 0x0000020c8b02f2f8]
Event: 6.035 Thread 0x0000020c968750b0 11706       3       java.util.WeakHashMap::put (160 bytes)
Event: 6.035 Thread 0x0000020c94838eb0 11705  s!   4       java.io.FileDescriptor::closeAll (163 bytes)
Event: 6.036 Thread 0x0000020c968750b0 nmethod 11706 0x0000020c847e1a90 code [0x0000020c847e1d00, 0x0000020c847e2b48]

GC Heap History (20 events):
Event: 5.991 GC heap after
{Heap after GC invocations=289 (full 6):
 PSYoungGen      total 4096K, used 624K [0x00000000eab00000, 0x00000000eb000000, 0x0000000100000000)
  eden space 3072K, 0% used [0x00000000eab00000,0x00000000eab00000,0x00000000eae00000)
  from space 1024K, 60% used [0x00000000eaf00000,0x00000000eaf9c010,0x00000000eb000000)
  to   space 1024K, 0% used [0x00000000eae00000,0x00000000eae00000,0x00000000eaf00000)
 ParOldGen       total 118784K, used 115528K [0x00000000c0000000, 0x00000000c7400000, 0x00000000eab00000)
  object space 118784K, 97% used [0x00000000c0000000,0x00000000c70d23b8,0x00000000c7400000)
 Metaspace       used 63433K, committed 64576K, reserved 1114112K
  class space    used 6526K, committed 7040K, reserved 1048576K
}
Event: 5.995 GC heap before
{Heap before GC invocations=290 (full 6):
 PSYoungGen      total 4096K, used 3696K [0x00000000eab00000, 0x00000000eb000000, 0x0000000100000000)
  eden space 3072K, 100% used [0x00000000eab00000,0x00000000eae00000,0x00000000eae00000)
  from space 1024K, 60% used [0x00000000eaf00000,0x00000000eaf9c010,0x00000000eb000000)
  to   space 1024K, 0% used [0x00000000eae00000,0x00000000eae00000,0x00000000eaf00000)
 ParOldGen       total 118784K, used 115528K [0x00000000c0000000, 0x00000000c7400000, 0x00000000eab00000)
  object space 118784K, 97% used [0x00000000c0000000,0x00000000c70d23b8,0x00000000c7400000)
 Metaspace       used 63433K, committed 64576K, reserved 1114112K
  class space    used 6526K, committed 7040K, reserved 1048576K
}
Event: 5.996 GC heap after
{Heap after GC invocations=290 (full 6):
 PSYoungGen      total 4096K, used 544K [0x00000000eab00000, 0x00000000eb000000, 0x0000000100000000)
  eden space 3072K, 0% used [0x00000000eab00000,0x00000000eab00000,0x00000000eae00000)
  from space 1024K, 53% used [0x00000000eae00000,0x00000000eae88000,0x00000000eaf00000)
  to   space 1024K, 0% used [0x00000000eaf00000,0x00000000eaf00000,0x00000000eb000000)
 ParOldGen       total 118784K, used 115792K [0x00000000c0000000, 0x00000000c7400000, 0x00000000eab00000)
  object space 118784K, 97% used [0x00000000c0000000,0x00000000c71143b8,0x00000000c7400000)
 Metaspace       used 63433K, committed 64576K, reserved 1114112K
  class space    used 6526K, committed 7040K, reserved 1048576K
}
Event: 6.002 GC heap before
{Heap before GC invocations=291 (full 6):
 PSYoungGen      total 4096K, used 3616K [0x00000000eab00000, 0x00000000eb000000, 0x0000000100000000)
  eden space 3072K, 100% used [0x00000000eab00000,0x00000000eae00000,0x00000000eae00000)
  from space 1024K, 53% used [0x00000000eae00000,0x00000000eae88000,0x00000000eaf00000)
  to   space 1024K, 0% used [0x00000000eaf00000,0x00000000eaf00000,0x00000000eb000000)
 ParOldGen       total 118784K, used 115792K [0x00000000c0000000, 0x00000000c7400000, 0x00000000eab00000)
  object space 118784K, 97% used [0x00000000c0000000,0x00000000c71143b8,0x00000000c7400000)
 Metaspace       used 63435K, committed 64576K, reserved 1114112K
  class space    used 6526K, committed 7040K, reserved 1048576K
}
Event: 6.002 GC heap after
{Heap after GC invocations=291 (full 6):
 PSYoungGen      total 4096K, used 608K [0x00000000eab00000, 0x00000000eb000000, 0x0000000100000000)
  eden space 3072K, 0% used [0x00000000eab00000,0x00000000eab00000,0x00000000eae00000)
  from space 1024K, 59% used [0x00000000eaf00000,0x00000000eaf98000,0x00000000eb000000)
  to   space 1024K, 0% used [0x00000000eae00000,0x00000000eae00000,0x00000000eaf00000)
 ParOldGen       total 118784K, used 116064K [0x00000000c0000000, 0x00000000c7400000, 0x00000000eab00000)
  object space 118784K, 97% used [0x00000000c0000000,0x00000000c71583b8,0x00000000c7400000)
 Metaspace       used 63435K, committed 64576K, reserved 1114112K
  class space    used 6526K, committed 7040K, reserved 1048576K
}
Event: 6.007 GC heap before
{Heap before GC invocations=292 (full 6):
 PSYoungGen      total 4096K, used 3679K [0x00000000eab00000, 0x00000000eb000000, 0x0000000100000000)
  eden space 3072K, 99% used [0x00000000eab00000,0x00000000eadffd58,0x00000000eae00000)
  from space 1024K, 59% used [0x00000000eaf00000,0x00000000eaf98000,0x00000000eb000000)
  to   space 1024K, 0% used [0x00000000eae00000,0x00000000eae00000,0x00000000eaf00000)
 ParOldGen       total 118784K, used 116064K [0x00000000c0000000, 0x00000000c7400000, 0x00000000eab00000)
  object space 118784K, 97% used [0x00000000c0000000,0x00000000c71583b8,0x00000000c7400000)
 Metaspace       used 63435K, committed 64576K, reserved 1114112K
  class space    used 6526K, committed 7040K, reserved 1048576K
}
Event: 6.007 GC heap after
{Heap after GC invocations=292 (full 6):
 PSYoungGen      total 4096K, used 672K [0x00000000eab00000, 0x00000000eb000000, 0x0000000100000000)
  eden space 3072K, 0% used [0x00000000eab00000,0x00000000eab00000,0x00000000eae00000)
  from space 1024K, 65% used [0x00000000eae00000,0x00000000eaea8000,0x00000000eaf00000)
  to   space 1024K, 0% used [0x00000000eaf00000,0x00000000eaf00000,0x00000000eb000000)
 ParOldGen       total 118784K, used 116440K [0x00000000c0000000, 0x00000000c7400000, 0x00000000eab00000)
  object space 118784K, 98% used [0x00000000c0000000,0x00000000c71b63b8,0x00000000c7400000)
 Metaspace       used 63435K, committed 64576K, reserved 1114112K
  class space    used 6526K, committed 7040K, reserved 1048576K
}
Event: 6.011 GC heap before
{Heap before GC invocations=293 (full 6):
 PSYoungGen      total 4096K, used 3744K [0x00000000eab00000, 0x00000000eb000000, 0x0000000100000000)
  eden space 3072K, 100% used [0x00000000eab00000,0x00000000eae00000,0x00000000eae00000)
  from space 1024K, 65% used [0x00000000eae00000,0x00000000eaea8000,0x00000000eaf00000)
  to   space 1024K, 0% used [0x00000000eaf00000,0x00000000eaf00000,0x00000000eb000000)
 ParOldGen       total 118784K, used 116440K [0x00000000c0000000, 0x00000000c7400000, 0x00000000eab00000)
  object space 118784K, 98% used [0x00000000c0000000,0x00000000c71b63b8,0x00000000c7400000)
 Metaspace       used 63435K, committed 64576K, reserved 1114112K
  class space    used 6526K, committed 7040K, reserved 1048576K
}
Event: 6.011 GC heap after
{Heap after GC invocations=293 (full 6):
 PSYoungGen      total 4096K, used 512K [0x00000000eab00000, 0x00000000eb000000, 0x0000000100000000)
  eden space 3072K, 0% used [0x00000000eab00000,0x00000000eab00000,0x00000000eae00000)
  from space 1024K, 50% used [0x00000000eaf00000,0x00000000eaf80000,0x00000000eb000000)
  to   space 1024K, 0% used [0x00000000eae00000,0x00000000eae00000,0x00000000eaf00000)
 ParOldGen       total 118784K, used 116768K [0x00000000c0000000, 0x00000000c7400000, 0x00000000eab00000)
  object space 118784K, 98% used [0x00000000c0000000,0x00000000c72083b8,0x00000000c7400000)
 Metaspace       used 63435K, committed 64576K, reserved 1114112K
  class space    used 6526K, committed 7040K, reserved 1048576K
}
Event: 6.018 GC heap before
{Heap before GC invocations=294 (full 6):
 PSYoungGen      total 4096K, used 3584K [0x00000000eab00000, 0x00000000eb000000, 0x0000000100000000)
  eden space 3072K, 100% used [0x00000000eab00000,0x00000000eae00000,0x00000000eae00000)
  from space 1024K, 50% used [0x00000000eaf00000,0x00000000eaf80000,0x00000000eb000000)
  to   space 1024K, 0% used [0x00000000eae00000,0x00000000eae00000,0x00000000eaf00000)
 ParOldGen       total 118784K, used 116768K [0x00000000c0000000, 0x00000000c7400000, 0x00000000eab00000)
  object space 118784K, 98% used [0x00000000c0000000,0x00000000c72083b8,0x00000000c7400000)
 Metaspace       used 63435K, committed 64576K, reserved 1114112K
  class space    used 6526K, committed 7040K, reserved 1048576K
}
Event: 6.018 GC heap after
{Heap after GC invocations=294 (full 6):
 PSYoungGen      total 4096K, used 480K [0x00000000eab00000, 0x00000000eaf80000, 0x0000000100000000)
  eden space 3072K, 0% used [0x00000000eab00000,0x00000000eab00000,0x00000000eae00000)
  from space 1024K, 46% used [0x00000000eae00000,0x00000000eae78000,0x00000000eaf00000)
  to   space 512K, 0% used [0x00000000eaf00000,0x00000000eaf00000,0x00000000eaf80000)
 ParOldGen       total 118784K, used 117008K [0x00000000c0000000, 0x00000000c7400000, 0x00000000eab00000)
  object space 118784K, 98% used [0x00000000c0000000,0x00000000c72443b8,0x00000000c7400000)
 Metaspace       used 63435K, committed 64576K, reserved 1114112K
  class space    used 6526K, committed 7040K, reserved 1048576K
}
Event: 6.023 GC heap before
{Heap before GC invocations=295 (full 6):
 PSYoungGen      total 4096K, used 3552K [0x00000000eab00000, 0x00000000eaf80000, 0x0000000100000000)
  eden space 3072K, 100% used [0x00000000eab00000,0x00000000eae00000,0x00000000eae00000)
  from space 1024K, 46% used [0x00000000eae00000,0x00000000eae78000,0x00000000eaf00000)
  to   space 512K, 0% used [0x00000000eaf00000,0x00000000eaf00000,0x00000000eaf80000)
 ParOldGen       total 118784K, used 117008K [0x00000000c0000000, 0x00000000c7400000, 0x00000000eab00000)
  object space 118784K, 98% used [0x00000000c0000000,0x00000000c72443b8,0x00000000c7400000)
 Metaspace       used 63435K, committed 64576K, reserved 1114112K
  class space    used 6526K, committed 7040K, reserved 1048576K
}
Event: 6.023 GC heap after
{Heap after GC invocations=295 (full 6):
 PSYoungGen      total 3584K, used 352K [0x00000000eab00000, 0x00000000eaf80000, 0x0000000100000000)
  eden space 3072K, 0% used [0x00000000eab00000,0x00000000eab00000,0x00000000eae00000)
  from space 512K, 68% used [0x00000000eaf00000,0x00000000eaf58000,0x00000000eaf80000)
  to   space 512K, 0% used [0x00000000eae80000,0x00000000eae80000,0x00000000eaf00000)
 ParOldGen       total 118784K, used 117216K [0x00000000c0000000, 0x00000000c7400000, 0x00000000eab00000)
  object space 118784K, 98% used [0x00000000c0000000,0x00000000c72783b8,0x00000000c7400000)
 Metaspace       used 63435K, committed 64576K, reserved 1114112K
  class space    used 6526K, committed 7040K, reserved 1048576K
}
Event: 6.028 GC heap before
{Heap before GC invocations=296 (full 6):
 PSYoungGen      total 3584K, used 3424K [0x00000000eab00000, 0x00000000eaf80000, 0x0000000100000000)
  eden space 3072K, 100% used [0x00000000eab00000,0x00000000eae00000,0x00000000eae00000)
  from space 512K, 68% used [0x00000000eaf00000,0x00000000eaf58000,0x00000000eaf80000)
  to   space 512K, 0% used [0x00000000eae80000,0x00000000eae80000,0x00000000eaf00000)
 ParOldGen       total 118784K, used 117216K [0x00000000c0000000, 0x00000000c7400000, 0x00000000eab00000)
  object space 118784K, 98% used [0x00000000c0000000,0x00000000c72783b8,0x00000000c7400000)
 Metaspace       used 63435K, committed 64576K, reserved 1114112K
  class space    used 6526K, committed 7040K, reserved 1048576K
}
Event: 6.029 GC heap after
{Heap after GC invocations=296 (full 6):
 PSYoungGen      total 3584K, used 512K [0x00000000eab00000, 0x00000000eb000000, 0x0000000100000000)
  eden space 3072K, 0% used [0x00000000eab00000,0x00000000eab00000,0x00000000eae00000)
  from space 512K, 100% used [0x00000000eae80000,0x00000000eaf00000,0x00000000eaf00000)
  to   space 1024K, 0% used [0x00000000eaf00000,0x00000000eaf00000,0x00000000eb000000)
 ParOldGen       total 118784K, used 117520K [0x00000000c0000000, 0x00000000c7400000, 0x00000000eab00000)
  object space 118784K, 98% used [0x00000000c0000000,0x00000000c72c43b8,0x00000000c7400000)
 Metaspace       used 63435K, committed 64576K, reserved 1114112K
  class space    used 6526K, committed 7040K, reserved 1048576K
}
Event: 6.032 GC heap before
{Heap before GC invocations=297 (full 6):
 PSYoungGen      total 3584K, used 3584K [0x00000000eab00000, 0x00000000eb000000, 0x0000000100000000)
  eden space 3072K, 100% used [0x00000000eab00000,0x00000000eae00000,0x00000000eae00000)
  from space 512K, 100% used [0x00000000eae80000,0x00000000eaf00000,0x00000000eaf00000)
  to   space 1024K, 0% used [0x00000000eaf00000,0x00000000eaf00000,0x00000000eb000000)
 ParOldGen       total 118784K, used 117520K [0x00000000c0000000, 0x00000000c7400000, 0x00000000eab00000)
  object space 118784K, 98% used [0x00000000c0000000,0x00000000c72c43b8,0x00000000c7400000)
 Metaspace       used 63438K, committed 64576K, reserved 1114112K
  class space    used 6526K, committed 7040K, reserved 1048576K
}
Event: 6.033 GC heap after
{Heap after GC invocations=297 (full 6):
 PSYoungGen      total 4096K, used 800K [0x00000000eab00000, 0x00000000eb000000, 0x0000000100000000)
  eden space 3072K, 0% used [0x00000000eab00000,0x00000000eab00000,0x00000000eae00000)
  from space 1024K, 78% used [0x00000000eaf00000,0x00000000eafc8000,0x00000000eb000000)
  to   space 1024K, 0% used [0x00000000eae00000,0x00000000eae00000,0x00000000eaf00000)
 ParOldGen       total 118784K, used 117928K [0x00000000c0000000, 0x00000000c7400000, 0x00000000eab00000)
  object space 118784K, 99% used [0x00000000c0000000,0x00000000c732a3b8,0x00000000c7400000)
 Metaspace       used 63438K, committed 64576K, reserved 1114112K
  class space    used 6526K, committed 7040K, reserved 1048576K
}
Event: 6.037 GC heap before
{Heap before GC invocations=298 (full 6):
 PSYoungGen      total 4096K, used 3872K [0x00000000eab00000, 0x00000000eb000000, 0x0000000100000000)
  eden space 3072K, 100% used [0x00000000eab00000,0x00000000eae00000,0x00000000eae00000)
  from space 1024K, 78% used [0x00000000eaf00000,0x00000000eafc8000,0x00000000eb000000)
  to   space 1024K, 0% used [0x00000000eae00000,0x00000000eae00000,0x00000000eaf00000)
 ParOldGen       total 118784K, used 117928K [0x00000000c0000000, 0x00000000c7400000, 0x00000000eab00000)
  object space 118784K, 99% used [0x00000000c0000000,0x00000000c732a3b8,0x00000000c7400000)
 Metaspace       used 63438K, committed 64576K, reserved 1114112K
  class space    used 6526K, committed 7040K, reserved 1048576K
}
Event: 6.038 GC heap after
{Heap after GC invocations=298 (full 6):
 PSYoungGen      total 4096K, used 512K [0x00000000eab00000, 0x00000000eb000000, 0x0000000100000000)
  eden space 3072K, 0% used [0x00000000eab00000,0x00000000eab00000,0x00000000eae00000)
  from space 1024K, 50% used [0x00000000eae00000,0x00000000eae80000,0x00000000eaf00000)
  to   space 1024K, 0% used [0x00000000eaf00000,0x00000000eaf00000,0x00000000eb000000)
 ParOldGen       total 118784K, used 118464K [0x00000000c0000000, 0x00000000c7400000, 0x00000000eab00000)
  object space 118784K, 99% used [0x00000000c0000000,0x00000000c73b03b8,0x00000000c7400000)
 Metaspace       used 63438K, committed 64576K, reserved 1114112K
  class space    used 6526K, committed 7040K, reserved 1048576K
}
Event: 6.038 GC heap before
{Heap before GC invocations=299 (full 7):
 PSYoungGen      total 4096K, used 512K [0x00000000eab00000, 0x00000000eb000000, 0x0000000100000000)
  eden space 3072K, 0% used [0x00000000eab00000,0x00000000eab00000,0x00000000eae00000)
  from space 1024K, 50% used [0x00000000eae00000,0x00000000eae80000,0x00000000eaf00000)
  to   space 1024K, 0% used [0x00000000eaf00000,0x00000000eaf00000,0x00000000eb000000)
 ParOldGen       total 118784K, used 118464K [0x00000000c0000000, 0x00000000c7400000, 0x00000000eab00000)
  object space 118784K, 99% used [0x00000000c0000000,0x00000000c73b03b8,0x00000000c7400000)
 Metaspace       used 63438K, committed 64576K, reserved 1114112K
  class space    used 6526K, committed 7040K, reserved 1048576K
}

Deoptimization events (20 events):
Event: 6.012 Thread 0x0000020c979e8ae0 Uncommon trap: trap_request=0xffffff45 fr.pc=0x0000020c8ae02130 relative=0x00000000000003d0
Event: 6.012 Thread 0x0000020c979e8ae0 Uncommon trap: reason=unstable_if action=reinterpret pc=0x0000020c8ae02130 method=org.eclipse.aether.artifact.DefaultArtifact.merge(Ljava/util/Map;Ljava/util/Map;)Ljava/util/Map; @ 1 c2
Event: 6.012 Thread 0x0000020c979e8ae0 DEOPT PACKING pc=0x0000020c8ae02130 sp=0x00000052281fc270
Event: 6.012 Thread 0x0000020c979e8ae0 DEOPT UNPACKING pc=0x0000020c82c120a3 sp=0x00000052281fc1c8 mode 2
Event: 6.013 Thread 0x0000020c979e8ae0 Uncommon trap: trap_request=0xffffff45 fr.pc=0x0000020c8ae1580c relative=0x000000000000042c
Event: 6.013 Thread 0x0000020c979e8ae0 Uncommon trap: reason=unstable_if action=reinterpret pc=0x0000020c8ae1580c method=java.util.WeakHashMap.matchesKey(Ljava/util/WeakHashMap$Entry;Ljava/lang/Object;)Z @ 24 c2
Event: 6.013 Thread 0x0000020c979e8ae0 DEOPT PACKING pc=0x0000020c8ae1580c sp=0x00000052281fc560
Event: 6.013 Thread 0x0000020c979e8ae0 DEOPT UNPACKING pc=0x0000020c82c120a3 sp=0x00000052281fc4a0 mode 2
Event: 6.013 Thread 0x0000020c979e8ae0 Uncommon trap: trap_request=0xffffff45 fr.pc=0x0000020c8ae61ab0 relative=0x0000000000000ab0
Event: 6.013 Thread 0x0000020c979e8ae0 Uncommon trap: reason=unstable_if action=reinterpret pc=0x0000020c8ae61ab0 method=java.util.WeakHashMap.matchesKey(Ljava/util/WeakHashMap$Entry;Ljava/lang/Object;)Z @ 24 c2
Event: 6.013 Thread 0x0000020c979e8ae0 DEOPT PACKING pc=0x0000020c8ae61ab0 sp=0x00000052281fc550
Event: 6.013 Thread 0x0000020c979e8ae0 DEOPT UNPACKING pc=0x0000020c82c120a3 sp=0x00000052281fc490 mode 2
Event: 6.026 Thread 0x0000020c979e8ae0 Uncommon trap: trap_request=0xffffff66 fr.pc=0x0000020c8b02cbbc relative=0x00000000000002bc
Event: 6.026 Thread 0x0000020c979e8ae0 Uncommon trap: reason=speculate_class_check action=maybe_recompile pc=0x0000020c8b02cbbc method=java.util.regex.Pattern$CharPredicate.lambda$negate$3(I)Z @ 2 c2
Event: 6.026 Thread 0x0000020c979e8ae0 DEOPT PACKING pc=0x0000020c8b02cbbc sp=0x00000052281fc5a0
Event: 6.026 Thread 0x0000020c979e8ae0 DEOPT UNPACKING pc=0x0000020c82c120a3 sp=0x00000052281fc470 mode 2
Event: 6.026 Thread 0x0000020c979e8ae0 Uncommon trap: trap_request=0xffffff66 fr.pc=0x0000020c8b02cbbc relative=0x00000000000002bc
Event: 6.026 Thread 0x0000020c979e8ae0 Uncommon trap: reason=speculate_class_check action=maybe_recompile pc=0x0000020c8b02cbbc method=java.util.regex.Pattern$CharPredicate.lambda$negate$3(I)Z @ 2 c2
Event: 6.026 Thread 0x0000020c979e8ae0 DEOPT PACKING pc=0x0000020c8b02cbbc sp=0x00000052281fc5a0
Event: 6.026 Thread 0x0000020c979e8ae0 DEOPT UNPACKING pc=0x0000020c82c120a3 sp=0x00000052281fc470 mode 2

Classes unloaded (7 events):
Event: 0.858 Thread 0x0000020cfe95ed10 Unloading class 0x000000010020c800 'java/lang/invoke/LambdaForm$MH+0x000000010020c800'
Event: 0.858 Thread 0x0000020cfe95ed10 Unloading class 0x000000010020c400 'java/lang/invoke/LambdaForm$MH+0x000000010020c400'
Event: 0.858 Thread 0x0000020cfe95ed10 Unloading class 0x000000010020c000 'java/lang/invoke/LambdaForm$MH+0x000000010020c000'
Event: 0.858 Thread 0x0000020cfe95ed10 Unloading class 0x000000010020bc00 'java/lang/invoke/LambdaForm$MH+0x000000010020bc00'
Event: 0.858 Thread 0x0000020cfe95ed10 Unloading class 0x000000010020b400 'java/lang/invoke/LambdaForm$BMH+0x000000010020b400'
Event: 0.858 Thread 0x0000020cfe95ed10 Unloading class 0x000000010020b000 'java/lang/invoke/LambdaForm$DMH+0x000000010020b000'
Event: 0.858 Thread 0x0000020cfe95ed10 Unloading class 0x0000000100208400 'java/lang/invoke/LambdaForm$DMH+0x0000000100208400'

Classes redefined (0 events):
No events

Internal exceptions (20 events):
Event: 5.592 Thread 0x0000020c979e8ae0 Exception <a 'sun/nio/fs/WindowsException'{0x00000000eab94a90}> (0x00000000eab94a90) 
thrown [s\src\hotspot\share\prims\jni.cpp, line 516]
Event: 5.611 Thread 0x0000020c979e8ae0 Exception <a 'sun/nio/fs/WindowsException'{0x00000000eac22678}> (0x00000000eac22678) 
thrown [s\src\hotspot\share\prims\jni.cpp, line 516]
Event: 5.820 Thread 0x0000020c979e8ae0 Exception <a 'sun/nio/fs/WindowsException'{0x00000000eab60620}> (0x00000000eab60620) 
thrown [s\src\hotspot\share\prims\jni.cpp, line 516]
Event: 5.820 Thread 0x0000020c979e8ae0 Exception <a 'sun/nio/fs/WindowsException'{0x00000000eab60f18}> (0x00000000eab60f18) 
thrown [s\src\hotspot\share\prims\jni.cpp, line 516]
Event: 5.820 Thread 0x0000020c979e8ae0 Exception <a 'sun/nio/fs/WindowsException'{0x00000000eab61890}> (0x00000000eab61890) 
thrown [s\src\hotspot\share\prims\jni.cpp, line 516]
Event: 5.821 Thread 0x0000020c979e8ae0 Exception <a 'sun/nio/fs/WindowsException'{0x00000000eab62270}> (0x00000000eab62270) 
thrown [s\src\hotspot\share\prims\jni.cpp, line 516]
Event: 5.821 Thread 0x0000020c979e8ae0 Exception <a 'sun/nio/fs/WindowsException'{0x00000000eab6f8e0}> (0x00000000eab6f8e0) 
thrown [s\src\hotspot\share\prims\jni.cpp, line 516]
Event: 5.822 Thread 0x0000020c979e8ae0 Exception <a 'sun/nio/fs/WindowsException'{0x00000000eab7b1e8}> (0x00000000eab7b1e8) 
thrown [s\src\hotspot\share\prims\jni.cpp, line 516]
Event: 5.823 Thread 0x0000020c979e8ae0 Exception <a 'sun/nio/fs/WindowsException'{0x00000000eab88110}> (0x00000000eab88110) 
thrown [s\src\hotspot\share\prims\jni.cpp, line 516]
Event: 5.823 Thread 0x0000020c979e8ae0 Exception <a 'sun/nio/fs/WindowsException'{0x00000000eab97478}> (0x00000000eab97478) 
thrown [s\src\hotspot\share\prims\jni.cpp, line 516]
Event: 5.848 Thread 0x0000020c979e8ae0 Exception <a 'sun/nio/fs/WindowsException'{0x00000000eab71e48}> (0x00000000eab71e48) 
thrown [s\src\hotspot\share\prims\jni.cpp, line 516]
Event: 5.850 Thread 0x0000020c979e8ae0 Exception <a 'sun/nio/fs/WindowsException'{0x00000000eab91eb0}> (0x00000000eab91eb0) 
thrown [s\src\hotspot\share\prims\jni.cpp, line 516]
Event: 5.850 Thread 0x0000020c979e8ae0 Exception <a 'sun/nio/fs/WindowsException'{0x00000000eab927e0}> (0x00000000eab927e0) 
thrown [s\src\hotspot\share\prims\jni.cpp, line 516]
Event: 5.850 Thread 0x0000020c979e8ae0 Exception <a 'sun/nio/fs/WindowsException'{0x00000000eab93180}> (0x00000000eab93180) 
thrown [s\src\hotspot\share\prims\jni.cpp, line 516]
Event: 5.850 Thread 0x0000020c979e8ae0 Exception <a 'sun/nio/fs/WindowsException'{0x00000000eab93e40}> (0x00000000eab93e40) 
thrown [s\src\hotspot\share\prims\jni.cpp, line 516]
Event: 5.852 Thread 0x0000020c979e8ae0 Exception <a 'sun/nio/fs/WindowsException'{0x00000000eaba0858}> (0x00000000eaba0858) 
thrown [s\src\hotspot\share\prims\jni.cpp, line 516]
Event: 5.852 Thread 0x0000020c979e8ae0 Exception <a 'sun/nio/fs/WindowsException'{0x00000000eabac890}> (0x00000000eabac890) 
thrown [s\src\hotspot\share\prims\jni.cpp, line 516]
Event: 5.853 Thread 0x0000020c979e8ae0 Exception <a 'sun/nio/fs/WindowsException'{0x00000000eabba130}> (0x00000000eabba130) 
thrown [s\src\hotspot\share\prims\jni.cpp, line 516]
Event: 5.853 Thread 0x0000020c979e8ae0 Exception <a 'sun/nio/fs/WindowsException'{0x00000000eabc9178}> (0x00000000eabc9178) 
thrown [s\src\hotspot\share\prims\jni.cpp, line 516]
Event: 5.875 Thread 0x0000020c979e8ae0 Exception <a 'sun/nio/fs/WindowsException'{0x00000000eaba5a90}> (0x00000000eaba5a90) 
thrown [s\src\hotspot\share\prims\jni.cpp, line 516]

VM Operations (20 events):
Event: 5.986 Executing VM operation: ParallelGCFailedAllocation done
Event: 5.991 Executing VM operation: ParallelGCFailedAllocation
Event: 5.991 Executing VM operation: ParallelGCFailedAllocation done
Event: 5.995 Executing VM operation: ParallelGCFailedAllocation
Event: 5.996 Executing VM operation: ParallelGCFailedAllocation done
Event: 6.002 Executing VM operation: ParallelGCFailedAllocation
Event: 6.002 Executing VM operation: ParallelGCFailedAllocation done
Event: 6.007 Executing VM operation: ParallelGCFailedAllocation
Event: 6.007 Executing VM operation: ParallelGCFailedAllocation done
Event: 6.011 Executing VM operation: ParallelGCFailedAllocation
Event: 6.011 Executing VM operation: ParallelGCFailedAllocation done
Event: 6.018 Executing VM operation: ParallelGCFailedAllocation
Event: 6.019 Executing VM operation: ParallelGCFailedAllocation done
Event: 6.023 Executing VM operation: ParallelGCFailedAllocation
Event: 6.023 Executing VM operation: ParallelGCFailedAllocation done
Event: 6.028 Executing VM operation: ParallelGCFailedAllocation
Event: 6.029 Executing VM operation: ParallelGCFailedAllocation done
Event: 6.032 Executing VM operation: ParallelGCFailedAllocation
Event: 6.033 Executing VM operation: ParallelGCFailedAllocation done
Event: 6.037 Executing VM operation: ParallelGCFailedAllocation

Events (20 events):
Event: 5.165 loading class java/util/stream/ReferencePipeline$4$1
Event: 5.165 loading class java/util/stream/ReferencePipeline$4$1 done
Event: 5.197 Thread 0x0000020c9b4236d0 Thread exited: 0x0000020c9b4236d0
Event: 5.259 Thread 0x0000020c9b4288a0 Thread added: 0x0000020c9b4288a0
Event: 5.264 Thread 0x0000020c9b4288a0 Thread exited: 0x0000020c9b4288a0
Event: 5.541 Thread 0x0000020c9b422860 Thread added: 0x0000020c9b422860
Event: 5.546 Thread 0x0000020c9b422860 Thread exited: 0x0000020c9b422860
Event: 5.572 Thread 0x0000020c9b422390 Thread added: 0x0000020c9b422390
Event: 5.586 Thread 0x0000020c9b422390 Thread exited: 0x0000020c9b422390
Event: 5.605 Thread 0x0000020c9b425880 Thread added: 0x0000020c9b425880
Event: 5.610 Thread 0x0000020c9b425880 Thread exited: 0x0000020c9b425880
Event: 5.709 Thread 0x0000020c9456cc90 flushing nmethod 0x0000020c8ac34a90
Event: 5.711 Thread 0x0000020c9456cc90 flushing nmethod 0x0000020c8333de10
Event: 5.745 Thread 0x0000020c9456cc90 flushing nmethod 0x0000020c838f9d10
Event: 5.808 loading class java/lang/invoke/MethodHandleImpl$CountingWrapper$1
Event: 5.808 loading class java/lang/invoke/MethodHandleImpl$CountingWrapper$1 done
Event: 5.840 Thread 0x0000020c9b422860 Thread added: 0x0000020c9b422860
Event: 5.847 Thread 0x0000020c9b422860 Thread exited: 0x0000020c9b422860
Event: 5.870 Thread 0x0000020c9b4253b0 Thread added: 0x0000020c9b4253b0
Event: 5.875 Thread 0x0000020c9b4253b0 Thread exited: 0x0000020c9b4253b0


Dynamic libraries:
0x00007ff7588f0000 - 0x00007ff7588fe000 	c:\Users\ST\.vscode\extensions\redhat.java-1.11.0-win32-x64\jre\17.0.4.1-win32-x86_64\bin\java.exe
0x00007ff8fdf70000 - 0x00007ff8fe165000 	C:\Windows\SYSTEM32\ntdll.dll
0x00007ff8fc460000 - 0x00007ff8fc51d000 	C:\Windows\System32\KERNEL32.DLL
0x00007ff8fb6b0000 - 0x00007ff8fb978000 	C:\Windows\System32\KERNELBASE.dll
0x00007ff8fbca0000 - 0x00007ff8fbda0000 	C:\Windows\System32\ucrtbase.dll
0x00007ff8dcf50000 - 0x00007ff8dcf68000 	c:\Users\ST\.vscode\extensions\redhat.java-1.11.0-win32-x64\jre\17.0.4.1-win32-x86_64\bin\jli.dll
0x00007ff8dd1b0000 - 0x00007ff8dd1c9000 	c:\Users\ST\.vscode\extensions\redhat.java-1.11.0-win32-x64\jre\17.0.4.1-win32-x86_64\bin\VCRUNTIME140.dll
0x00007ff8fdd80000 - 0x00007ff8fdf20000 	C:\Windows\System32\USER32.dll
0x00007ff8dbd90000 - 0x00007ff8dc02a000 	C:\Windows\WinSxS\amd64_microsoft.windows.common-controls_6595b64144ccf1df_6.0.19041.844_none_ca00b6081b84eb1d\COMCTL32.dll
0x00007ff8fbb60000 - 0x00007ff8fbb82000 	C:\Windows\System32\win32u.dll
0x00007ff8fbfd0000 - 0x00007ff8fbffa000 	C:\Windows\System32\GDI32.dll
0x00007ff8fd520000 - 0x00007ff8fd5be000 	C:\Windows\System32\msvcrt.dll
0x00007ff8fbb90000 - 0x00007ff8fbc9b000 	C:\Windows\System32\gdi32full.dll
0x00007ff8fbf30000 - 0x00007ff8fbfcd000 	C:\Windows\System32\msvcp_win.dll
0x00007ff8fc640000 - 0x00007ff8fc670000 	C:\Windows\System32\IMM32.DLL
0x00007ff8f6270000 - 0x00007ff8f627c000 	c:\Users\ST\.vscode\extensions\redhat.java-1.11.0-win32-x64\jre\17.0.4.1-win32-x86_64\bin\vcruntime140_1.dll
0x00007ff8bbc00000 - 0x00007ff8bbc91000 	c:\Users\ST\.vscode\extensions\redhat.java-1.11.0-win32-x64\jre\17.0.4.1-win32-x86_64\bin\msvcp140.dll
0x00007ff898c90000 - 0x00007ff8998d6000 	c:\Users\ST\.vscode\extensions\redhat.java-1.11.0-win32-x64\jre\17.0.4.1-win32-x86_64\bin\server\jvm.dll
0x00007ff8fdcd0000 - 0x00007ff8fdd7c000 	C:\Windows\System32\ADVAPI32.dll
0x00007ff8fc530000 - 0x00007ff8fc5cb000 	C:\Windows\System32\sechost.dll
0x00007ff8fce80000 - 0x00007ff8fcfab000 	C:\Windows\System32\RPCRT4.dll
0x00007ff8fc520000 - 0x00007ff8fc528000 	C:\Windows\System32\PSAPI.DLL
0x00007ff8f43f0000 - 0x00007ff8f43f9000 	C:\Windows\SYSTEM32\WSOCK32.dll
0x00007ff8ef5d0000 - 0x00007ff8ef5da000 	C:\Windows\SYSTEM32\VERSION.dll
0x00007ff8de360000 - 0x00007ff8de387000 	C:\Windows\SYSTEM32\WINMM.dll
0x00007ff8fc5d0000 - 0x00007ff8fc63b000 	C:\Windows\System32\WS2_32.dll
0x00007ff8f9f60000 - 0x00007ff8f9f72000 	C:\Windows\SYSTEM32\kernel.appcore.dll
0x00007ff8f4110000 - 0x00007ff8f411a000 	c:\Users\ST\.vscode\extensions\redhat.java-1.11.0-win32-x64\jre\17.0.4.1-win32-x86_64\bin\jimage.dll
0x00007ff8f9440000 - 0x00007ff8f9624000 	C:\Windows\SYSTEM32\DBGHELP.DLL
0x00007ff8ec730000 - 0x00007ff8ec75c000 	C:\Windows\SYSTEM32\dbgcore.DLL
0x00007ff8fbeb0000 - 0x00007ff8fbf30000 	C:\Windows\System32\bcryptPrimitives.dll
0x00007ff8eec40000 - 0x00007ff8eec4e000 	c:\Users\ST\.vscode\extensions\redhat.java-1.11.0-win32-x64\jre\17.0.4.1-win32-x86_64\bin\instrument.dll
0x00007ff8d6fb0000 - 0x00007ff8d6fd5000 	c:\Users\ST\.vscode\extensions\redhat.java-1.11.0-win32-x64\jre\17.0.4.1-win32-x86_64\bin\java.dll
0x00007ff8da850000 - 0x00007ff8da868000 	c:\Users\ST\.vscode\extensions\redhat.java-1.11.0-win32-x64\jre\17.0.4.1-win32-x86_64\bin\zip.dll
0x00007ff8fc730000 - 0x00007ff8fce72000 	C:\Windows\System32\SHELL32.dll
0x00007ff8f97b0000 - 0x00007ff8f9f41000 	C:\Windows\SYSTEM32\windows.storage.dll
0x00007ff8fd090000 - 0x00007ff8fd3e5000 	C:\Windows\System32\combase.dll
0x00007ff8faf80000 - 0x00007ff8fafac000 	C:\Windows\SYSTEM32\Wldp.dll
0x00007ff8fdc20000 - 0x00007ff8fdcce000 	C:\Windows\System32\SHCORE.dll
0x00007ff8fc670000 - 0x00007ff8fc6c5000 	C:\Windows\System32\shlwapi.dll
0x00007ff8fb5f0000 - 0x00007ff8fb60f000 	C:\Windows\SYSTEM32\profapi.dll
0x00007ff8d9960000 - 0x00007ff8d9979000 	C:\Users\ST\.vscode\extensions\redhat.java-1.11.0-win32-x64\jre\17.0.4.1-win32-x86_64\bin\net.dll
0x00007ff8f6310000 - 0x00007ff8f641b000 	C:\Windows\SYSTEM32\WINHTTP.dll
0x00007ff8fad60000 - 0x00007ff8fadca000 	C:\Windows\system32\mswsock.dll
0x00007ff8d9730000 - 0x00007ff8d9745000 	C:\Users\ST\.vscode\extensions\redhat.java-1.11.0-win32-x64\jre\17.0.4.1-win32-x86_64\bin\nio.dll
0x00007ff8ee250000 - 0x00007ff8ee260000 	c:\Users\ST\.vscode\extensions\redhat.java-1.11.0-win32-x64\jre\17.0.4.1-win32-x86_64\bin\verify.dll
0x00007ff8d1cd0000 - 0x00007ff8d1d0e000 	C:\Users\ST\AppData\Roaming\Code\User\globalStorage\redhat.java\1.11.0\config_win\org.eclipse.equinox.launcher\org.eclipse.equinox.launcher.win32.win32.x86_64_1.2.600.v20220720-1916\eclipse_11700.dll
0x00007ff8fd3f0000 - 0x00007ff8fd51a000 	C:\Windows\System32\ole32.dll
0x00007ff8fafc0000 - 0x00007ff8fafd8000 	C:\Windows\SYSTEM32\CRYPTSP.dll
0x00007ff8fa720000 - 0x00007ff8fa754000 	C:\Windows\system32\rsaenh.dll
0x00007ff8fbae0000 - 0x00007ff8fbb07000 	C:\Windows\System32\bcrypt.dll
0x00007ff8fb5b0000 - 0x00007ff8fb5de000 	C:\Windows\SYSTEM32\USERENV.dll
0x00007ff8faee0000 - 0x00007ff8faeec000 	C:\Windows\SYSTEM32\CRYPTBASE.dll
0x00007ff8faa70000 - 0x00007ff8faaab000 	C:\Windows\SYSTEM32\IPHLPAPI.DLL
0x00007ff8fdf20000 - 0x00007ff8fdf28000 	C:\Windows\System32\NSI.dll
0x00007ff8f59f0000 - 0x00007ff8f5a07000 	C:\Windows\SYSTEM32\dhcpcsvc6.DLL
0x00007ff8f59d0000 - 0x00007ff8f59ed000 	C:\Windows\SYSTEM32\dhcpcsvc.DLL
0x00007ff8faab0000 - 0x00007ff8fab7c000 	C:\Windows\SYSTEM32\DNSAPI.dll
0x00007ff8ccfc0000 - 0x00007ff8cd004000 	C:\Users\ST\AppData\Local\Temp\jna-2657\jna1979601523894525674.dll
0x00007ff8fa3b0000 - 0x00007ff8fa3e3000 	C:\Windows\SYSTEM32\ntmarta.dll

dbghelp: loaded successfully - version: 4.0.5 - missing functions: none
symbol engine: initialized successfully - sym options: 0x614 - pdb path: .;c:\Users\ST\.vscode\extensions\redhat.java-1.11.0-win32-x64\jre\17.0.4.1-win32-x86_64\bin;C:\Windows\SYSTEM32;C:\Windows\WinSxS\amd64_microsoft.windows.common-controls_6595b64144ccf1df_6.0.19041.844_none_ca00b6081b84eb1d;c:\Users\ST\.vscode\extensions\redhat.java-1.11.0-win32-x64\jre\17.0.4.1-win32-x86_64\bin\server;C:\Users\ST\AppData\Roaming\Code\User\globalStorage\redhat.java\1.11.0\config_win\org.eclipse.equinox.launcher\org.eclipse.equinox.launcher.win32.win32.x86_64_1.2.600.v20220720-1916;C:\Users\ST\AppData\Local\Temp\jna-2657

VM Arguments:
jvm_args: --add-modules=ALL-SYSTEM --add-opens=java.base/java.util=ALL-UNNAMED --add-opens=java.base/java.lang=ALL-UNNAMED --add-opens=java.base/sun.nio.fs=ALL-UNNAMED -Declipse.application=org.eclipse.jdt.ls.core.id1 -Dosgi.bundles.defaultStartLevel=4 -Declipse.product=org.eclipse.jdt.ls.core.product -Djava.import.generatesMetadataFilesAtProjectRoot=false -Dfile.encoding=utf8 -DwatchParentProcess=false -XX:+UseParallelGC -XX:GCTimeRatio=4 -XX:AdaptiveSizePolicyWeight=90 -Dsun.zip.disableMemoryMapping=true -Xmx1G -Xms100m -Xlog:disable -javaagent:c:\Users\ST\.vscode\extensions\redhat.java-1.11.0-win32-x64\lombok\lombok-1.18.24.jar -XX:+HeapDumpOnOutOfMemoryError -XX:HeapDumpPath=c:\Users\ST\AppData\Roaming\Code\User\workspaceStorage\c1f34f7875d073f7d3b6a0ca430f43a6\redhat.java 
java_command: c:\Users\ST\.vscode\extensions\redhat.java-1.11.0-win32-x64\server\plugins\org.eclipse.equinox.launcher_1.6.400.v20210924-0641.jar -configuration c:\Users\ST\AppData\Roaming\Code\User\globalStorage\redhat.java\1.11.0\config_win -data c:\Users\ST\AppData\Roaming\Code\User\workspaceStorage\c1f34f7875d073f7d3b6a0ca430f43a6\redhat.java\jdt_ws
java_class_path (initial): c:\Users\ST\.vscode\extensions\redhat.java-1.11.0-win32-x64\server\plugins\org.eclipse.equinox.launcher_1.6.400.v20210924-0641.jar
Launcher Type: SUN_STANDARD

[Global flags]
    uintx AdaptiveSizePolicyWeight                 = 90                                        {product} {command line}
     intx CICompilerCount                          = 12                                        {product} {ergonomic}
    uintx GCTimeRatio                              = 4                                         {product} {command line}
     bool HeapDumpOnOutOfMemoryError               = true                                   {manageable} {command line}
    ccstr HeapDumpPath                             = c:\Users\ST\AppData\Roaming\Code\User\workspaceStorage\c1f34f7875d073f7d3b6a0ca430f43a6\redhat.java         {manageable} {command line}
   size_t InitialHeapSize                          = 104857600                                 {product} {command line}
   size_t MaxHeapSize                              = 1073741824                                {product} {command line}
   size_t MaxNewSize                               = 357564416                                 {product} {ergonomic}
   size_t MinHeapDeltaBytes                        = 524288                                    {product} {ergonomic}
   size_t MinHeapSize                              = 104857600                                 {product} {command line}
   size_t NewSize                                  = 34603008                                  {product} {ergonomic}
    uintx NonNMethodCodeHeapSize                   = 7602480                                {pd product} {ergonomic}
    uintx NonProfiledCodeHeapSize                  = 122027880                              {pd product} {ergonomic}
   size_t OldSize                                  = 70254592                                  {product} {ergonomic}
    uintx ProfiledCodeHeapSize                     = 122027880                              {pd product} {ergonomic}
    uintx ReservedCodeCacheSize                    = 251658240                              {pd product} {ergonomic}
     bool SegmentedCodeCache                       = true                                      {product} {ergonomic}
   size_t SoftMaxHeapSize                          = 1073741824                             {manageable} {ergonomic}
     bool UseCompressedClassPointers               = true                           {product lp64_product} {ergonomic}
     bool UseCompressedOops                        = true                           {product lp64_product} {ergonomic}
     bool UseLargePagesIndividualAllocation        = false                                  {pd product} {ergonomic}
     bool UseParallelGC                            = true                                      {product} {command line}

Logging:
Log output configuration:
 #0: stdout all=off uptime,level,tags
 #1: stderr all=off uptime,level,tags

Environment Variables:
JAVA_HOME=C:\Program Files\Eclipse Adoptium\jdk-17.0.4.101-hotspot
PATH=C:\Program Files\Eclipse Adoptium\jdk-17.0.4.101-hotspot\bin;C:\Python310\Scripts\;C:\Python310\;C:\Windows\system32;C:\Windows;C:\Windows\System32\Wbem;C:\Windows\System32\WindowsPowerShell\v1.0\;C:\Windows\System32\OpenSSH\;C:\ProgramData\chocolatey\bin;C:\Program Files\Git\cmd;C:\Users\ST\AppData\Local\Android\Sdk\platform-tools;C:\Program Files\nodejs\;C:\Program Files\Docker\Docker\resources\bin;C:\ProgramData\DockerDesktop\version-bin;C:\Users\ST\AppData\Local\Microsoft\WindowsApps;C:\Users\ST\AppData\Roaming\npm;C:\Users\ST\AppData\Local\Programs\Microsoft VS Code\bin
USERNAME=ST
OS=Windows_NT
PROCESSOR_IDENTIFIER=Intel64 Family 6 Model 151 Stepping 2, GenuineIntel
TMP=C:\Users\ST\AppData\Local\Temp
TEMP=C:\Users\ST\AppData\Local\Temp



---------------  S Y S T E M  ---------------

OS:
 Windows 10 , 64 bit Build 19041 (10.0.19041.928)
OS uptime: 0 days 2:10 hours
Hyper-V role detected

CPU: total 20 (initial active 20) (10 cores per cpu, 2 threads per core) family 6 model 151 stepping 2 microcode 0xf, cx8, cmov, fxsr, ht, mmx, 3dnowpref, sse, sse2, sse3, ssse3, sse4.1, sse4.2, popcnt, lzcnt, tsc, tscinvbit, avx, avx2, aes, erms, clmul, bmi1, bmi2, adx, sha, fma, vzeroupper, clflush, clflushopt, clwb, hv

Memory: 4k page, system-wide physical 32509M (23606M free)
TotalPageFile size 37373M (AvailPageFile size 28173M)
current process WorkingSet (physical memory assigned to process): 439M, peak: 439M
current process commit charge ("private bytes"): 497M, peak: 497M

vm_info: OpenJDK 64-Bit Server VM (17.0.4.1+1) for windows-amd64 JRE (17.0.4.1+1), built on Aug 17 2022 07:42:43 by "temurin" with MS VC++ 16.7 (VS2019)

END.
